0 info it worked if it ends with ok
1 verbose cli [ 'node', '/usr/local/bin/npm', 'install' ]
2 info using npm@1.4.9
3 info using node@v0.10.28
4 warn package.json elections-results-2014@0.1.0 No repository field.
5 verbose readDependencies using package.json deps
6 verbose install where, deps [ '/Users/pkane/Sites/elections-results-2014',
6 verbose install   [ 'grunt',
6 verbose install     'grunt-bower-install',
6 verbose install     'grunt-cli',
6 verbose install     'grunt-concurrent',
6 verbose install     'grunt-contrib-clean',
6 verbose install     'grunt-contrib-concat',
6 verbose install     'grunt-contrib-connect',
6 verbose install     'grunt-contrib-copy',
6 verbose install     'grunt-contrib-cssmin',
6 verbose install     'grunt-contrib-htmlmin',
6 verbose install     'grunt-contrib-jshint',
6 verbose install     'grunt-contrib-requirejs',
6 verbose install     'grunt-contrib-sass',
6 verbose install     'grunt-contrib-watch',
6 verbose install     'grunt-ftp',
6 verbose install     'grunt-newer',
6 verbose install     'grunt-remove-logging',
6 verbose install     'grunt-rev',
6 verbose install     'grunt-usemin',
6 verbose install     'jshint-stylish',
6 verbose install     'load-grunt-tasks',
6 verbose install     'time-grunt' ] ]
7 info preinstall elections-results-2014@0.1.0
8 verbose readDependencies using package.json deps
9 verbose cache add [ 'grunt-cli@~0.1.13', null ]
10 verbose cache add name=undefined spec="grunt-cli@~0.1.13" args=["grunt-cli@~0.1.13",null]
11 verbose parsed url { protocol: null,
11 verbose parsed url   slashes: null,
11 verbose parsed url   auth: null,
11 verbose parsed url   host: null,
11 verbose parsed url   port: null,
11 verbose parsed url   hostname: null,
11 verbose parsed url   hash: null,
11 verbose parsed url   search: null,
11 verbose parsed url   query: null,
11 verbose parsed url   pathname: 'grunt-cli@~0.1.13',
11 verbose parsed url   path: 'grunt-cli@~0.1.13',
11 verbose parsed url   href: 'grunt-cli@~0.1.13' }
12 verbose cache add name="grunt-cli" spec="~0.1.13" args=["grunt-cli","~0.1.13"]
13 verbose parsed url { protocol: null,
13 verbose parsed url   slashes: null,
13 verbose parsed url   auth: null,
13 verbose parsed url   host: null,
13 verbose parsed url   port: null,
13 verbose parsed url   hostname: null,
13 verbose parsed url   hash: null,
13 verbose parsed url   search: null,
13 verbose parsed url   query: null,
13 verbose parsed url   pathname: '~0.1.13',
13 verbose parsed url   path: '~0.1.13',
13 verbose parsed url   href: '~0.1.13' }
14 verbose addNamed [ 'grunt-cli', '~0.1.13' ]
15 verbose addNamed [ null, '>=0.1.13-0 <0.2.0-0' ]
16 verbose already installed skipping grunt-concurrent@~0.4.0 /Users/pkane/Sites/elections-results-2014
17 verbose already installed skipping grunt-contrib-clean@~0.5.0 /Users/pkane/Sites/elections-results-2014
18 silly lockFile a6c878ac-grunt-cli-0-1-13 grunt-cli@~0.1.13
19 verbose lock grunt-cli@~0.1.13 /Users/pkane/.npm/a6c878ac-grunt-cli-0-1-13.lock
20 silly addNameRange { name: 'grunt-cli',
20 silly addNameRange   range: '>=0.1.13-0 <0.2.0-0',
20 silly addNameRange   hasData: false }
21 verbose already installed skipping grunt-contrib-concat@~0.3.0 /Users/pkane/Sites/elections-results-2014
22 verbose url raw grunt-cli
23 verbose url resolving [ 'https://registry.npmjs.org/', './grunt-cli' ]
24 verbose url resolved https://registry.npmjs.org/grunt-cli
25 info trying registry request attempt 1 at 17:38:40
26 verbose etag "1OW8W5OHUN236T65YYBJB560F"
27 http GET https://registry.npmjs.org/grunt-cli
28 verbose already installed skipping grunt-contrib-copy@~0.4.1 /Users/pkane/Sites/elections-results-2014
29 verbose already installed skipping grunt-contrib-connect@~0.5.0 /Users/pkane/Sites/elections-results-2014
30 verbose already installed skipping grunt-contrib-cssmin@~0.7.0 /Users/pkane/Sites/elections-results-2014
31 verbose already installed skipping grunt-contrib-htmlmin@~0.1.3 /Users/pkane/Sites/elections-results-2014
32 verbose already installed skipping grunt-contrib-jshint@~0.7.0 /Users/pkane/Sites/elections-results-2014
33 verbose already installed skipping grunt-contrib-requirejs@~0.4.0 /Users/pkane/Sites/elections-results-2014
34 verbose already installed skipping grunt-contrib-sass@~0.6.0 /Users/pkane/Sites/elections-results-2014
35 verbose already installed skipping grunt-contrib-watch@~0.5.2 /Users/pkane/Sites/elections-results-2014
36 verbose cache add [ 'grunt-ftp@^1.0.1', null ]
37 verbose cache add name=undefined spec="grunt-ftp@^1.0.1" args=["grunt-ftp@^1.0.1",null]
38 verbose parsed url { protocol: null,
38 verbose parsed url   slashes: null,
38 verbose parsed url   auth: null,
38 verbose parsed url   host: null,
38 verbose parsed url   port: null,
38 verbose parsed url   hostname: null,
38 verbose parsed url   hash: null,
38 verbose parsed url   search: null,
38 verbose parsed url   query: null,
38 verbose parsed url   pathname: 'grunt-ftp@^1.0.1',
38 verbose parsed url   path: 'grunt-ftp@^1.0.1',
38 verbose parsed url   href: 'grunt-ftp@^1.0.1' }
39 verbose cache add name="grunt-ftp" spec="^1.0.1" args=["grunt-ftp","^1.0.1"]
40 verbose parsed url { protocol: null,
40 verbose parsed url   slashes: null,
40 verbose parsed url   auth: null,
40 verbose parsed url   host: null,
40 verbose parsed url   port: null,
40 verbose parsed url   hostname: null,
40 verbose parsed url   hash: null,
40 verbose parsed url   search: null,
40 verbose parsed url   query: null,
40 verbose parsed url   pathname: '^1.0.1',
40 verbose parsed url   path: '^1.0.1',
40 verbose parsed url   href: '^1.0.1' }
41 verbose addNamed [ 'grunt-ftp', '^1.0.1' ]
42 verbose addNamed [ null, '>=1.0.1-0 <2.0.0-0' ]
43 silly lockFile ea68d77a-grunt-ftp-1-0-1 grunt-ftp@^1.0.1
44 verbose lock grunt-ftp@^1.0.1 /Users/pkane/.npm/ea68d77a-grunt-ftp-1-0-1.lock
45 verbose already installed skipping grunt-newer@~0.6.0 /Users/pkane/Sites/elections-results-2014
46 verbose already installed skipping grunt-remove-logging@~0.2.0 /Users/pkane/Sites/elections-results-2014
47 verbose already installed skipping grunt-rev@~0.1.0 /Users/pkane/Sites/elections-results-2014
48 verbose already installed skipping grunt-usemin@~2.0.0 /Users/pkane/Sites/elections-results-2014
49 verbose already installed skipping jshint-stylish@~0.1.3 /Users/pkane/Sites/elections-results-2014
50 verbose already installed skipping load-grunt-tasks@~0.2.0 /Users/pkane/Sites/elections-results-2014
51 verbose already installed skipping time-grunt@~0.2.0 /Users/pkane/Sites/elections-results-2014
52 verbose already installed skipping grunt@~0.4.1 /Users/pkane/Sites/elections-results-2014
53 verbose already installed skipping grunt-bower-install@~0.7.0 /Users/pkane/Sites/elections-results-2014
54 info retry will retry, error on last attempt: Error: tunneling socket could not be established, cause=connect EHOSTUNREACH
55 silly addNameRange { name: 'grunt-ftp',
55 silly addNameRange   range: '>=1.0.1-0 <2.0.0-0',
55 silly addNameRange   hasData: false }
56 verbose url raw grunt-ftp
57 verbose url resolving [ 'https://registry.npmjs.org/', './grunt-ftp' ]
58 verbose url resolved https://registry.npmjs.org/grunt-ftp
59 info trying registry request attempt 1 at 17:38:40
60 http GET https://registry.npmjs.org/grunt-ftp
61 info retry will retry, error on last attempt: Error: tunneling socket could not be established, cause=connect EHOSTUNREACH
62 info trying registry request attempt 2 at 17:38:50
63 verbose etag "1OW8W5OHUN236T65YYBJB560F"
64 http GET https://registry.npmjs.org/grunt-cli
65 info retry will retry, error on last attempt: Error: tunneling socket could not be established, cause=connect EHOSTUNREACH
66 info trying registry request attempt 2 at 17:38:50
67 http GET https://registry.npmjs.org/grunt-ftp
68 info retry will retry, error on last attempt: Error: tunneling socket could not be established, cause=connect EHOSTUNREACH
69 info trying registry request attempt 3 at 17:39:50
70 verbose etag "1OW8W5OHUN236T65YYBJB560F"
71 http GET https://registry.npmjs.org/grunt-cli
72 silly registry.get cb [ 304, undefined ]
73 verbose etag grunt-cli from cache
74 info trying registry request attempt 3 at 17:39:50
75 http GET https://registry.npmjs.org/grunt-ftp
76 silly lockFile ea68d77a-grunt-ftp-1-0-1 grunt-ftp@^1.0.1
77 silly lockFile ea68d77a-grunt-ftp-1-0-1 grunt-ftp@^1.0.1
78 error network tunneling socket could not be established, cause=connect EHOSTUNREACH
78 error network This is most likely not a problem with npm itself
78 error network and is related to network connectivity.
78 error network In most cases you are behind a proxy or have bad network settings.
78 error network
78 error network If you are behind a proxy, please make sure that the
78 error network 'proxy' config is set properly.  See: 'npm help config'
79 error System Darwin 13.3.0
80 error command "node" "/usr/local/bin/npm" "install"
81 error cwd /Users/pkane/Sites/elections-results-2014
82 error node -v v0.10.28
83 error npm -v 1.4.9
84 error code ECONNRESET
85 verbose exit [ 1, true ]
